\BOOKMARK [0][-]{cover.0}{\376\377\000\116\000\112\000\125\000\040\000\103\000\157\000\166\000\145\000\162}{}% 1
\BOOKMARK [0][-]{abstract.0}{\376\377\144\130\060\000\211\201}{}% 2
\BOOKMARK [0][-]{englishabstract.0}{\376\377\000\101\000\142\000\163\000\164\000\162\000\141\000\143\000\164}{}% 3
\BOOKMARK [0][-]{chapter*.1}{\376\377\166\356\000\040\000\040\137\125}{}% 4
\BOOKMARK [0][-]{chapter*.2}{\376\377\210\150\000\040\000\040\166\356\000\040\000\040\137\125}{}% 5
\BOOKMARK [0][-]{chapter*.3}{\376\377\126\376\000\040\000\040\166\356\000\040\000\040\137\125}{}% 6
\BOOKMARK [0][-]{chapter.1}{\376\377\173\054\116\000\172\340\000\040\000\040\230\171\166\356\200\314\146\157\116\016\141\017\116\111}{}% 7
\BOOKMARK [1][-]{section.1.1}{\376\377\000\061\000\056\000\061\000\040\230\171\166\356\200\314\146\157}{chapter.1}% 8
\BOOKMARK [1][-]{section.1.2}{\376\377\000\061\000\056\000\062\000\040\166\370\121\163\174\373\176\337\170\024\172\166\163\260\162\266}{chapter.1}% 9
\BOOKMARK [1][-]{section.1.3}{\376\377\000\061\000\056\000\063\000\040\147\054\145\207\116\073\211\201\166\204\135\345\117\134}{chapter.1}% 10
\BOOKMARK [1][-]{section.1.4}{\376\377\000\061\000\056\000\064\000\040\147\054\145\207\176\304\176\307\176\323\147\204}{chapter.1}% 11
\BOOKMARK [0][-]{chapter.2}{\376\377\173\054\116\214\172\340\000\040\000\040\142\200\147\057\176\374\217\360}{}% 12
\BOOKMARK [1][-]{section.2.1}{\376\377\000\062\000\056\000\061\000\040\152\041\127\127\123\026\116\313\176\315}{chapter.2}% 13
\BOOKMARK [1][-]{section.2.2}{\376\377\000\062\000\056\000\062\000\040\000\123\000\160\000\162\000\151\000\156\000\147\142\200\147\057\116\313\176\315}{chapter.2}% 14
\BOOKMARK [2][-]{subsection.2.2.1}{\376\377\000\062\000\056\000\062\000\056\000\061\000\040\117\235\215\126\154\350\121\145\124\214\143\247\122\066\123\315\217\154}{section.2.2}% 15
\BOOKMARK [2][-]{subsection.2.2.2}{\376\377\000\062\000\056\000\062\000\056\000\062\000\040\000\123\000\160\000\162\000\151\000\156\000\147\000\102\000\157\000\157\000\164\142\200\147\057\116\313\176\315}{section.2.2}% 16
\BOOKMARK [2][-]{subsection.2.2.3}{\376\377\000\062\000\056\000\062\000\056\000\063\000\040\000\105\000\165\000\162\000\145\000\153\000\141\142\200\147\057\116\313\176\315}{section.2.2}% 17
\BOOKMARK [1][-]{section.2.3}{\376\377\000\062\000\056\000\063\000\040\000\117\000\162\000\141\000\143\000\154\000\145\142\200\147\057\116\313\176\315}{chapter.2}% 18
\BOOKMARK [1][-]{section.2.4}{\376\377\000\062\000\056\000\064\000\040\000\126\000\165\000\145\150\106\147\266\116\313\176\315}{chapter.2}% 19
\BOOKMARK [2][-]{subsection.2.4.1}{\376\377\000\062\000\056\000\064\000\056\000\061\000\040\000\105\000\154\000\145\000\155\000\145\000\156\000\164\142\200\147\057\116\313\176\315}{section.2.4}% 20
\BOOKMARK [1][-]{section.2.5}{\376\377\000\062\000\056\000\065\000\040\000\124\000\145\000\163\000\163\000\145\000\162\000\141\000\143\000\164\142\200\147\057\116\313\176\315}{chapter.2}% 21
\BOOKMARK [0][-]{chapter.3}{\376\377\173\054\116\011\172\340\000\040\000\040\174\373\176\337\227\000\154\102\122\006\147\220\116\016\151\202\211\201\213\276\213\241}{}% 22
\BOOKMARK [1][-]{section.3.1}{\376\377\000\063\000\056\000\061\000\040\230\171\166\356\140\073\117\123\211\304\122\022}{chapter.3}% 23
\BOOKMARK [2][-]{subsection.3.1.1}{\376\377\000\063\000\056\000\061\000\056\000\061\000\040\174\373\176\337\124\010\164\006\140\047\151\202\217\360}{section.3.1}% 24
\BOOKMARK [2][-]{subsection.3.1.2}{\376\377\000\063\000\056\000\061\000\056\000\062\000\040\155\211\117\027\122\006\147\220}{section.3.1}% 25
\BOOKMARK [1][-]{section.3.2}{\376\377\000\063\000\056\000\062\000\040\174\373\176\337\122\237\200\375\140\047\227\000\154\102\122\006\147\220}{chapter.3}% 26
\BOOKMARK [2][-]{subsection.3.2.1}{\376\377\000\063\000\056\000\062\000\056\000\061\000\040\121\103\145\160\143\156\173\241\164\006\152\041\127\127\122\237\200\375\227\000\154\102}{section.3.2}% 27
\BOOKMARK [2][-]{subsection.3.2.2}{\376\377\000\063\000\056\000\062\000\056\000\062\000\040\123\321\220\001\211\304\122\031\152\041\127\127\122\237\200\375\227\000\154\102}{section.3.2}% 28
\BOOKMARK [2][-]{subsection.3.2.3}{\376\377\000\063\000\056\000\062\000\056\000\063\000\040\116\373\122\241\214\003\136\246\173\241\164\006\152\041\127\127\122\237\200\375\227\000\154\102}{section.3.2}% 29
\BOOKMARK [2][-]{subsection.3.2.4}{\376\377\000\063\000\056\000\062\000\056\000\064\000\040\145\207\116\366\131\004\164\006\152\041\127\127\122\237\200\375\227\000\154\102}{section.3.2}% 30
\BOOKMARK [2][-]{subsection.3.2.5}{\376\377\000\063\000\056\000\062\000\056\000\065\000\040\145\207\116\366\215\357\165\061\152\041\127\127\122\237\200\375\227\000\154\102}{section.3.2}% 31
\BOOKMARK [2][-]{subsection.3.2.6}{\376\377\000\063\000\056\000\062\000\056\000\066\000\040\145\207\116\366\123\321\220\001\152\041\127\127\122\237\200\375\227\000\154\102}{section.3.2}% 32
\BOOKMARK [1][-]{section.3.3}{\376\377\000\063\000\056\000\063\000\040\174\373\176\337\227\136\122\237\200\375\140\047\227\000\154\102\122\006\147\220}{chapter.3}% 33
\BOOKMARK [1][-]{section.3.4}{\376\377\000\063\000\056\000\064\000\040\174\373\176\337\131\026\220\350\143\245\123\343\227\000\154\102\122\006\147\220}{chapter.3}% 34
\BOOKMARK [1][-]{section.3.5}{\376\377\000\063\000\056\000\065\000\040\174\373\176\337\151\202\211\201\213\276\213\241}{chapter.3}% 35
\BOOKMARK [2][-]{subsection.3.5.1}{\376\377\000\063\000\056\000\065\000\056\000\061\000\040\174\373\176\337\140\073\117\123\147\266\147\204\213\276\213\241}{section.3.5}% 36
\BOOKMARK [2][-]{subsection.3.5.2}{\376\377\000\063\000\056\000\065\000\056\000\062\000\040\145\160\143\156\136\223\213\276\213\241}{section.3.5}% 37
\BOOKMARK [0][-]{chapter.4}{\376\377\173\054\126\333\172\340\000\040\000\040\174\373\176\337\213\346\176\306\213\276\213\241\116\016\133\236\163\260}{}% 38
\BOOKMARK [1][-]{section.4.1}{\376\377\000\064\000\056\000\061\000\040\121\103\145\160\143\156\173\241\164\006\152\041\127\127\213\346\176\306\213\276\213\241\116\016\133\236\163\260}{chapter.4}% 39
\BOOKMARK [1][-]{section.4.2}{\376\377\000\064\000\056\000\062\000\040\123\321\220\001\211\304\122\031\152\041\127\127\213\346\176\306\213\276\213\241\116\016\133\236\163\260}{chapter.4}% 40
\BOOKMARK [1][-]{section.4.3}{\376\377\000\064\000\056\000\063\000\040\116\373\122\241\214\003\136\246\173\241\164\006\152\041\127\127\213\346\176\306\213\276\213\241\116\016\133\236\163\260}{chapter.4}% 41
\BOOKMARK [1][-]{section.4.4}{\376\377\000\064\000\056\000\064\000\040\145\207\116\366\215\357\165\061\152\041\127\127\213\346\176\306\213\276\213\241\116\016\133\236\163\260}{chapter.4}% 42
\BOOKMARK [1][-]{section.4.5}{\376\377\000\064\000\056\000\065\000\040\145\207\116\366\131\004\164\006\152\041\127\127\213\346\176\306\213\276\213\241\116\016\133\236\163\260}{chapter.4}% 43
\BOOKMARK [1][-]{section.4.6}{\376\377\000\064\000\056\000\066\000\040\145\207\116\366\123\321\220\001\152\041\127\127\213\346\176\306\213\276\213\241\116\016\133\236\163\260}{chapter.4}% 44
\BOOKMARK [0][-]{chapter.5}{\376\377\173\054\116\224\172\340\000\040\000\040\145\207\116\366\201\352\122\250\123\321\220\001\136\163\123\360\155\113\213\325}{}% 45
\BOOKMARK [1][-]{section.5.1}{\376\377\000\065\000\056\000\061\000\040\155\113\213\325\163\257\130\203}{chapter.5}% 46
\BOOKMARK [1][-]{section.5.2}{\376\377\000\065\000\056\000\062\000\040\122\237\200\375\155\113\213\325}{chapter.5}% 47
\BOOKMARK [1][-]{section.5.3}{\376\377\000\065\000\056\000\063\000\040\133\371\131\026\143\245\123\343\155\113\213\325}{chapter.5}% 48
\BOOKMARK [1][-]{section.5.4}{\376\377\000\065\000\056\000\064\000\040\147\054\172\340\134\017\176\323}{chapter.5}% 49
\BOOKMARK [0][-]{chapter.6}{\376\377\173\054\121\155\172\340\000\040\000\040\140\073\176\323\116\016\134\125\147\033}{}% 50
\BOOKMARK [1][-]{section.6.1}{\376\377\000\066\000\056\000\061\000\040\140\073\176\323}{chapter.6}% 51
\BOOKMARK [1][-]{section.6.2}{\376\377\000\066\000\056\000\062\000\040\217\333\116\000\153\145\135\345\117\134\134\125\147\033}{chapter.6}% 52
\BOOKMARK [0][-]{chapter.7}{\376\377\173\054\116\003\172\340\000\040\000\040\150\007\230\230}{}% 53
\BOOKMARK [1][-]{section.7.1}{\376\377\000\067\000\056\000\061\000\040\217\331\146\057\202\202\150\007\230\230}{chapter.7}% 54
\BOOKMARK [2][-]{subsection.7.1.1}{\376\377\000\067\000\056\000\061\000\056\000\061\000\040\217\331\146\057\134\017\202\202\150\007\230\230}{section.7.1}% 55
\BOOKMARK [0][-]{chapter.8}{\376\377\173\054\121\153\172\340\000\040\000\040\153\143\145\207}{}% 56
\BOOKMARK [1][-]{section.8.1}{\376\377\000\070\000\056\000\061\000\040\153\143\145\207\116\146\121\231\166\204\134\017\142\200\135\347}{chapter.8}% 57
\BOOKMARK [1][-]{section.8.2}{\376\377\000\070\000\056\000\062\000\040\116\000\116\233\153\143\145\207\116\055\166\204\150\007\213\260}{chapter.8}% 58
\BOOKMARK [1][-]{section.8.3}{\376\377\000\070\000\056\000\063\000\040\154\350\141\017\217\157\143\142\210\114\166\204\117\177\165\050}{chapter.8}% 59
\BOOKMARK [0][-]{chapter.9}{\376\377\173\054\116\135\172\340\000\040\000\040\210\150\150\074}{}% 60
\BOOKMARK [1][-]{section.9.1}{\376\377\000\071\000\056\000\061\000\040\210\150\150\074\116\016\210\150\150\074\137\025\165\050\166\204\127\372\147\054\151\202\137\365}{chapter.9}% 61
\BOOKMARK [1][-]{section.9.2}{\376\377\000\071\000\056\000\062\000\040\127\372\147\054\210\150\150\074}{chapter.9}% 62
\BOOKMARK [1][-]{section.9.3}{\376\377\000\071\000\056\000\063\000\040\210\150\150\074\123\125\121\103\215\350\122\027}{chapter.9}% 63
\BOOKMARK [1][-]{section.9.4}{\376\377\000\071\000\056\000\064\000\040\210\150\150\074\123\125\121\103\215\350\210\114}{chapter.9}% 64
\BOOKMARK [1][-]{section.9.5}{\376\377\000\071\000\056\000\065\000\040\210\150\150\074\116\016\126\376\137\142\117\115\177\156}{chapter.9}% 65
\BOOKMARK [0][-]{chapter.10}{\376\377\173\054\123\101\172\340\000\040\000\040\126\376\137\142}{}% 66
\BOOKMARK [1][-]{section.10.1}{\376\377\000\061\000\060\000\056\000\061\000\040\127\372\147\054\126\376\137\142}{chapter.10}% 67
\BOOKMARK [1][-]{section.10.2}{\376\377\000\061\000\060\000\056\000\062\000\040\137\025\165\050\116\343\170\001}{chapter.10}% 68
\BOOKMARK [0][-]{chapter.11}{\376\377\173\054\123\101\116\000\172\340\000\040\000\040\121\154\137\017}{}% 69
\BOOKMARK [1][-]{section.11.1}{\376\377\000\061\000\061\000\056\000\061\000\040\121\154\137\017\000\065\000\056\000\061\116\016\213\272\213\301}{chapter.11}% 70
\BOOKMARK [1][-]{section.11.2}{\376\377\000\061\000\061\000\056\000\062\000\040\121\154\137\017\000\065\000\056\000\062\116\016\213\272\213\301}{chapter.11}% 71
\BOOKMARK [1][-]{section.11.3}{\376\377\000\061\000\061\000\056\000\063\000\040\121\154\137\017\000\065\000\056\000\063\116\016\213\272\213\301}{chapter.11}% 72
\BOOKMARK [0][-]{chapter.12}{\376\377\173\054\123\101\116\214\172\340\000\040\000\040\173\227\154\325}{}% 73
\BOOKMARK [0][-]{chapter.13}{\376\377\173\054\123\101\116\011\172\340\000\040\000\040\213\272\145\207\137\025\165\050}{}% 74
\BOOKMARK [1][-]{section.13.1}{\376\377\000\061\000\063\000\056\000\061\000\040\137\025\145\207\166\370\121\163}{chapter.13}% 75
\BOOKMARK [1][-]{section.13.2}{\376\377\000\061\000\063\000\056\000\062\000\040\230\165\167\011\155\113\213\325}{chapter.13}% 76
\BOOKMARK [0][-]{chapter*.4}{\376\377\123\302\200\003\145\207\163\056}{}% 77
\BOOKMARK [0][-]{chapter*.5}{\376\377\173\200\123\206\116\016\171\321\170\024\142\020\147\234}{}% 78
\BOOKMARK [0][-]{chapter*.6}{\376\377\201\364\000\040\000\040\214\042}{}% 79
